<?xml version="1.0" encoding="UTF-8"?>
<testsuite name="SumCalculatorTests" tests="3" skipped="0" failures="0" errors="0" timestamp="2022-12-20T13:36:57" hostname="MacBook-Air-Serhii.local" time="0.079">
  <properties/>
  <testcase name="testThat1InputHandledCorrectly()" classname="SumCalculatorTests" time="0.062"/>
  <testcase name="testThat0InputHandledCorrectly()" classname="SumCalculatorTests" time="0.004"/>
  <testcase name="testThat6InputHandledCorrectly()" classname="SumCalculatorTests" time="0.001"/>
  <system-out><![CDATA[]]></system-out>
  <system-err><![CDATA[]]></system-err>
</testsuite>
